2023-07-27 16:00:47,410 - INFO - logger initialized
2023-07-27 16:00:47,411 - INFO - Wind_Rose_logger inicialized
2023-07-27 16:00:47,411 - INFO - Alarm_Class inicialized
2023-07-27 16:00:47,420 - INFO - app created
2023-07-27 16:00:47,421 - INFO - layout created
2023-07-27 16:00:47,764 - INFO - Dash is running on http://127.0.0.1:8025/

2023-07-27 16:00:47,781 - INFO - [31m[1mWARNING: This is a development server. Do not use it in a production deployment. Use a production WSGI server instead.[0m
 * Running on http://127.0.0.1:8025
2023-07-27 16:00:47,781 - INFO - [33mPress CTRL+C to quit[0m
2023-07-27 16:00:48,209 - INFO - 127.0.0.1 - - [27/Jul/2023 16:00:48] "GET / HTTP/1.1" 200 -
2023-07-27 16:00:48,459 - INFO - 127.0.0.1 - - [27/Jul/2023 16:00:48] "GET /_dash-layout HTTP/1.1" 200 -
2023-07-27 16:00:48,494 - INFO - 127.0.0.1 - - [27/Jul/2023 16:00:48] "GET /_dash-dependencies HTTP/1.1" 200 -
2023-07-27 16:00:48,910 - INFO - message has sent
2023-07-27 16:00:48,914 - INFO - 127.0.0.1 - - [27/Jul/2023 16:00:48] "[36mGET /_dash-component-suites/dash/dcc/async-graph.js HTTP/1.1[0m" 304 -
2023-07-27 16:00:48,950 - INFO - 127.0.0.1 - - [27/Jul/2023 16:00:48] "[36mGET /_dash-component-suites/dash/dcc/async-plotlyjs.js HTTP/1.1[0m" 304 -
2023-07-27 16:00:48,950 - INFO - get batch b'\x01\x03\x0e\x00\x02\x00\x00\x00\x00\x00\x00\x00\x00\x00\xa7\x00\xa8\xb0X', length: 19
2023-07-27 16:00:48,951 - INFO - buffer: b'\x01\x03\x0e\x00\x02\x00\x00\x00\x00\x00\x00\x00\x00\x00\xa7\x00\xa8\xb0X', length: 19
2023-07-27 16:00:48,951 - INFO - we in  b'\x01\x03\x0e\x00\x02\x00\x00\x00\x00\x00\x00\x00\x00\x00\xa7\x00\xa8\xb0X'
2023-07-27 16:00:48,951 - INFO - buffer is ready  b'', length: 0
2023-07-27 16:00:48,952 - INFO - data is unpacked
2023-07-27 16:00:48,953 - INFO - string written to file
2023-07-27 16:00:48,956 - INFO - df returned to Dash
2023-07-27 16:00:48,956 - INFO - r, theta received: [0.0], [167]
2023-07-27 16:00:48,956 - INFO - random and real data received
2023-07-27 16:00:49,038 - INFO - Barpolar plot created
2023-07-27 16:00:49,111 - INFO - figure returned
2023-07-27 16:00:49,135 - INFO - df_random created
2023-07-27 16:00:49,135 - INFO - random values received: [11.3], [102.0]
2023-07-27 16:00:49,135 - INFO - random and real data received
2023-07-27 16:00:49,139 - INFO - Barpolar plot created
2023-07-27 16:00:49,157 - INFO - figure returned
2023-07-27 16:00:49,158 - INFO - df_random created
2023-07-27 16:00:49,159 - INFO - random values received: [6.5], [207.0]
2023-07-27 16:00:49,159 - INFO - random and real data received
2023-07-27 16:00:49,162 - INFO - Barpolar plot created
2023-07-27 16:00:49,178 - INFO - figure returned
2023-07-27 16:00:49,180 - INFO - df_random created
2023-07-27 16:00:49,180 - INFO - random values received: [19.7], [192.0]
2023-07-27 16:00:49,180 - INFO - random and real data received
2023-07-27 16:00:49,184 - INFO - Barpolar plot created
2023-07-27 16:00:49,200 - INFO - figure returned
2023-07-27 16:00:49,201 - INFO - update_polar_plots
2023-07-27 16:00:49,210 - INFO - 127.0.0.1 - - [27/Jul/2023 16:00:49] "POST /_dash-update-component HTTP/1.1" 200 -
2023-07-27 16:00:49,777 - INFO - message has sent
2023-07-27 16:00:49,900 - INFO - get batch b'\x01\x03\x0e\x00\x02\x00\x00\x00\x00\x00\x00\x00\x00\x00\xa7\x00\xa8\xb0X', length: 19
2023-07-27 16:00:49,900 - INFO - buffer: b'\x01\x03\x0e\x00\x02\x00\x00\x00\x00\x00\x00\x00\x00\x00\xa7\x00\xa8\xb0X', length: 19
2023-07-27 16:00:49,900 - INFO - we in  b'\x01\x03\x0e\x00\x02\x00\x00\x00\x00\x00\x00\x00\x00\x00\xa7\x00\xa8\xb0X'
2023-07-27 16:00:49,901 - INFO - buffer is ready  b'', length: 0
2023-07-27 16:00:49,901 - INFO - data is unpacked
2023-07-27 16:00:49,902 - INFO - string written to file
2023-07-27 16:00:49,903 - INFO - df returned to Dash
2023-07-27 16:00:49,904 - INFO - r, theta received: [0.0], [167]
2023-07-27 16:00:49,904 - INFO - random and real data received
2023-07-27 16:00:49,907 - INFO - Barpolar plot created
2023-07-27 16:00:49,924 - INFO - figure returned
2023-07-27 16:00:49,925 - INFO - df_random created
2023-07-27 16:00:49,925 - INFO - random values received: [1.8], [53.0]
2023-07-27 16:00:49,926 - INFO - random and real data received
2023-07-27 16:00:49,928 - INFO - Barpolar plot created
2023-07-27 16:00:49,944 - INFO - figure returned
2023-07-27 16:00:49,945 - INFO - df_random created
2023-07-27 16:00:49,945 - INFO - random values received: [5.5], [100.0]
2023-07-27 16:00:49,945 - INFO - random and real data received
2023-07-27 16:00:49,949 - INFO - Barpolar plot created
2023-07-27 16:00:49,964 - INFO - figure returned
2023-07-27 16:00:49,965 - INFO - df_random created
2023-07-27 16:00:49,965 - INFO - random values received: [5.7], [97.0]
2023-07-27 16:00:49,966 - INFO - random and real data received
2023-07-27 16:00:49,969 - INFO - Barpolar plot created
2023-07-27 16:00:49,984 - INFO - figure returned
2023-07-27 16:00:49,985 - INFO - update_polar_plots
2023-07-27 16:00:50,024 - INFO - 127.0.0.1 - - [27/Jul/2023 16:00:50] "POST /_dash-update-component HTTP/1.1" 200 -
2023-07-27 16:00:50,947 - INFO - message has sent
2023-07-27 16:00:51,111 - INFO - get batch b'\x01\x03\x0e\x00\x02\x00\x00\x00\x00\x00\x00\x00\x00\x00\xa7\x00\xa8\xb0X', length: 19
2023-07-27 16:00:51,111 - INFO - buffer: b'\x01\x03\x0e\x00\x02\x00\x00\x00\x00\x00\x00\x00\x00\x00\xa7\x00\xa8\xb0X', length: 19
2023-07-27 16:00:51,111 - INFO - we in  b'\x01\x03\x0e\x00\x02\x00\x00\x00\x00\x00\x00\x00\x00\x00\xa7\x00\xa8\xb0X'
2023-07-27 16:00:51,111 - INFO - buffer is ready  b'', length: 0
2023-07-27 16:00:51,111 - INFO - data is unpacked
2023-07-27 16:00:51,112 - INFO - string written to file
2023-07-27 16:00:51,114 - INFO - df returned to Dash
2023-07-27 16:00:51,114 - INFO - r, theta received: [0.0], [167]
2023-07-27 16:00:51,114 - INFO - random and real data received
2023-07-27 16:00:51,118 - INFO - Barpolar plot created
2023-07-27 16:00:51,136 - INFO - figure returned
2023-07-27 16:00:51,138 - INFO - df_random created
2023-07-27 16:00:51,138 - INFO - random values received: [0.9], [120.0]
2023-07-27 16:00:51,138 - INFO - random and real data received
2023-07-27 16:00:51,142 - INFO - Barpolar plot created
2023-07-27 16:00:51,159 - INFO - figure returned
2023-07-27 16:00:51,160 - INFO - df_random created
2023-07-27 16:00:51,160 - INFO - random values received: [19.2], [71.0]
2023-07-27 16:00:51,160 - INFO - random and real data received
2023-07-27 16:00:51,163 - INFO - Barpolar plot created
2023-07-27 16:00:51,179 - INFO - figure returned
2023-07-27 16:00:51,181 - INFO - df_random created
2023-07-27 16:00:51,181 - INFO - random values received: [19.1], [347.0]
2023-07-27 16:00:51,181 - INFO - random and real data received
2023-07-27 16:00:51,184 - INFO - Barpolar plot created
2023-07-27 16:00:51,200 - INFO - figure returned
2023-07-27 16:00:51,203 - INFO - update_polar_plots
2023-07-27 16:00:51,210 - INFO - 127.0.0.1 - - [27/Jul/2023 16:00:51] "POST /_dash-update-component HTTP/1.1" 200 -
2023-07-27 16:00:51,605 - INFO - message has sent
2023-07-27 16:00:51,646 - INFO - get batch b'\x01\x03\x0e\x00\x02\x00\x00\x00\x00\x00\x00\x00\x00\x00\xa7\x00\xa8\xb0X', length: 19
2023-07-27 16:00:51,647 - INFO - buffer: b'\x01\x03\x0e\x00\x02\x00\x00\x00\x00\x00\x00\x00\x00\x00\xa7\x00\xa8\xb0X', length: 19
2023-07-27 16:00:51,647 - INFO - we in  b'\x01\x03\x0e\x00\x02\x00\x00\x00\x00\x00\x00\x00\x00\x00\xa7\x00\xa8\xb0X'
2023-07-27 16:00:51,647 - INFO - buffer is ready  b'', length: 0
2023-07-27 16:00:51,647 - INFO - data is unpacked
2023-07-27 16:00:51,648 - INFO - string written to file
2023-07-27 16:00:51,649 - INFO - df returned to Dash
2023-07-27 16:00:51,650 - INFO - r, theta received: [0.0], [167]
2023-07-27 16:00:51,650 - INFO - random and real data received
2023-07-27 16:00:51,654 - INFO - Barpolar plot created
2023-07-27 16:00:51,671 - INFO - figure returned
2023-07-27 16:00:51,672 - INFO - df_random created
2023-07-27 16:00:51,673 - INFO - random values received: [12.1], [64.0]
2023-07-27 16:00:51,673 - INFO - random and real data received
2023-07-27 16:00:51,676 - INFO - Barpolar plot created
2023-07-27 16:00:51,691 - INFO - figure returned
2023-07-27 16:00:51,693 - INFO - df_random created
2023-07-27 16:00:51,693 - INFO - random values received: [4.5], [289.0]
2023-07-27 16:00:51,693 - INFO - random and real data received
2023-07-27 16:00:51,697 - INFO - Barpolar plot created
2023-07-27 16:00:51,713 - INFO - figure returned
2023-07-27 16:00:51,715 - INFO - df_random created
2023-07-27 16:00:51,715 - INFO - random values received: [6.2], [222.0]
2023-07-27 16:00:51,715 - INFO - random and real data received
2023-07-27 16:00:51,719 - INFO - Barpolar plot created
2023-07-27 16:00:51,733 - INFO - figure returned
2023-07-27 16:00:51,735 - INFO - update_polar_plots
2023-07-27 16:00:51,741 - INFO - 127.0.0.1 - - [27/Jul/2023 16:00:51] "POST /_dash-update-component HTTP/1.1" 200 -
2023-07-27 16:00:52,921 - INFO - message has sent
2023-07-27 16:00:53,035 - INFO - get batch b'\x01\x03\x0e\x00\x02\x00\x00\x00\x00\x00\x00\x00\x00\x00\xa7\x00\xa8\xb0X', length: 19
2023-07-27 16:00:53,035 - INFO - buffer: b'\x01\x03\x0e\x00\x02\x00\x00\x00\x00\x00\x00\x00\x00\x00\xa7\x00\xa8\xb0X', length: 19
2023-07-27 16:00:53,035 - INFO - we in  b'\x01\x03\x0e\x00\x02\x00\x00\x00\x00\x00\x00\x00\x00\x00\xa7\x00\xa8\xb0X'
2023-07-27 16:00:53,035 - INFO - buffer is ready  b'', length: 0
2023-07-27 16:00:53,035 - INFO - data is unpacked
2023-07-27 16:00:53,036 - INFO - string written to file
2023-07-27 16:00:53,039 - INFO - df returned to Dash
2023-07-27 16:00:53,039 - INFO - r, theta received: [0.0], [167]
2023-07-27 16:00:53,039 - INFO - random and real data received
2023-07-27 16:00:53,044 - INFO - Barpolar plot created
2023-07-27 16:00:53,061 - INFO - figure returned
2023-07-27 16:00:53,062 - INFO - df_random created
2023-07-27 16:00:53,063 - INFO - random values received: [12.9], [250.0]
2023-07-27 16:00:53,063 - INFO - random and real data received
2023-07-27 16:00:53,066 - INFO - Barpolar plot created
2023-07-27 16:00:53,082 - INFO - figure returned
2023-07-27 16:00:53,083 - INFO - df_random created
2023-07-27 16:00:53,083 - INFO - random values received: [17.8], [297.0]
2023-07-27 16:00:53,083 - INFO - random and real data received
2023-07-27 16:00:53,087 - INFO - Barpolar plot created
2023-07-27 16:00:53,104 - INFO - figure returned
2023-07-27 16:00:53,105 - INFO - df_random created
2023-07-27 16:00:53,105 - INFO - random values received: [13.7], [58.0]
2023-07-27 16:00:53,106 - INFO - random and real data received
2023-07-27 16:00:53,109 - INFO - Barpolar plot created
2023-07-27 16:00:53,125 - INFO - figure returned
2023-07-27 16:00:53,127 - INFO - update_polar_plots
2023-07-27 16:00:53,133 - INFO - 127.0.0.1 - - [27/Jul/2023 16:00:53] "POST /_dash-update-component HTTP/1.1" 200 -
2023-07-27 16:00:53,609 - INFO - message has sent
2023-07-27 16:00:53,650 - INFO - get batch b'\x01\x03\x0e\x00\x02\x00\x00\x00\x00\x00\x00\x00\x00\x00\xa6\x00\xa8\xb1\xc8', length: 19
2023-07-27 16:00:53,650 - INFO - buffer: b'\x01\x03\x0e\x00\x02\x00\x00\x00\x00\x00\x00\x00\x00\x00\xa6\x00\xa8\xb1\xc8', length: 19
2023-07-27 16:00:53,650 - INFO - we in  b'\x01\x03\x0e\x00\x02\x00\x00\x00\x00\x00\x00\x00\x00\x00\xa6\x00\xa8\xb1\xc8'
2023-07-27 16:00:53,650 - INFO - buffer is ready  b'', length: 0
2023-07-27 16:00:53,650 - INFO - data is unpacked
2023-07-27 16:00:53,651 - INFO - string written to file
2023-07-27 16:00:53,654 - INFO - df returned to Dash
2023-07-27 16:00:53,655 - INFO - r, theta received: [0.0], [166]
2023-07-27 16:00:53,655 - INFO - random and real data received
2023-07-27 16:00:53,660 - INFO - Barpolar plot created
2023-07-27 16:00:53,677 - INFO - figure returned
2023-07-27 16:00:53,679 - INFO - df_random created
2023-07-27 16:00:53,679 - INFO - random values received: [0.3], [3.0]
2023-07-27 16:00:53,679 - INFO - random and real data received
2023-07-27 16:00:53,682 - INFO - Barpolar plot created
2023-07-27 16:00:53,700 - INFO - figure returned
2023-07-27 16:00:53,702 - INFO - df_random created
2023-07-27 16:00:53,703 - INFO - random values received: [1.9], [23.0]
2023-07-27 16:00:53,703 - INFO - random and real data received
2023-07-27 16:00:53,707 - INFO - Barpolar plot created
2023-07-27 16:00:53,724 - INFO - figure returned
2023-07-27 16:00:53,725 - INFO - df_random created
2023-07-27 16:00:53,726 - INFO - random values received: [12.7], [114.0]
2023-07-27 16:00:53,726 - INFO - random and real data received
2023-07-27 16:00:53,729 - INFO - Barpolar plot created
2023-07-27 16:00:53,744 - INFO - figure returned
2023-07-27 16:00:53,746 - INFO - update_polar_plots
2023-07-27 16:00:53,751 - INFO - 127.0.0.1 - - [27/Jul/2023 16:00:53] "POST /_dash-update-component HTTP/1.1" 200 -
2023-07-27 16:00:54,922 - INFO - message has sent
2023-07-27 16:00:54,963 - INFO - get batch b'\x01\x03\x0e\x00\x02\x00\x00\x00\x00\x00\x00\x00\x00\x00\xa6\x00\xa8\xb1\xc8', length: 19
2023-07-27 16:00:54,963 - INFO - buffer: b'\x01\x03\x0e\x00\x02\x00\x00\x00\x00\x00\x00\x00\x00\x00\xa6\x00\xa8\xb1\xc8', length: 19
2023-07-27 16:00:54,963 - INFO - we in  b'\x01\x03\x0e\x00\x02\x00\x00\x00\x00\x00\x00\x00\x00\x00\xa6\x00\xa8\xb1\xc8'
2023-07-27 16:00:54,964 - INFO - buffer is ready  b'', length: 0
2023-07-27 16:00:54,964 - INFO - data is unpacked
2023-07-27 16:00:54,964 - INFO - string written to file
2023-07-27 16:00:54,967 - INFO - df returned to Dash
2023-07-27 16:00:54,967 - INFO - r, theta received: [0.0], [166]
2023-07-27 16:00:54,967 - INFO - random and real data received
2023-07-27 16:00:54,972 - INFO - Barpolar plot created
2023-07-27 16:00:54,991 - INFO - figure returned
2023-07-27 16:00:54,992 - INFO - df_random created
2023-07-27 16:00:54,993 - INFO - random values received: [16.5], [323.0]
2023-07-27 16:00:54,993 - INFO - random and real data received
2023-07-27 16:00:54,996 - INFO - Barpolar plot created
2023-07-27 16:00:55,012 - INFO - figure returned
2023-07-27 16:00:55,014 - INFO - df_random created
2023-07-27 16:00:55,014 - INFO - random values received: [10.6], [103.0]
2023-07-27 16:00:55,014 - INFO - random and real data received
2023-07-27 16:00:55,018 - INFO - Barpolar plot created
2023-07-27 16:00:55,034 - INFO - figure returned
2023-07-27 16:00:55,038 - INFO - df_random created
2023-07-27 16:00:55,038 - INFO - random values received: [15.1], [131.0]
2023-07-27 16:00:55,038 - INFO - random and real data received
2023-07-27 16:00:55,042 - INFO - Barpolar plot created
2023-07-27 16:00:55,058 - INFO - figure returned
2023-07-27 16:00:55,059 - INFO - update_polar_plots
2023-07-27 16:00:55,065 - INFO - 127.0.0.1 - - [27/Jul/2023 16:00:55] "POST /_dash-update-component HTTP/1.1" 200 -
2023-07-27 16:00:55,638 - INFO - message has sent
2023-07-27 16:00:55,757 - INFO - get batch b'\x01\x03\x0e\x00\x02\x00\x00\x00\x00\x00\x00\x00\x00\x00\xa6\x00\xa8\xb1\xc8', length: 19
2023-07-27 16:00:55,758 - INFO - buffer: b'\x01\x03\x0e\x00\x02\x00\x00\x00\x00\x00\x00\x00\x00\x00\xa6\x00\xa8\xb1\xc8', length: 19
2023-07-27 16:00:55,758 - INFO - we in  b'\x01\x03\x0e\x00\x02\x00\x00\x00\x00\x00\x00\x00\x00\x00\xa6\x00\xa8\xb1\xc8'
2023-07-27 16:00:55,758 - INFO - buffer is ready  b'', length: 0
2023-07-27 16:00:55,758 - INFO - data is unpacked
2023-07-27 16:00:55,761 - INFO - string written to file
2023-07-27 16:00:55,768 - INFO - df returned to Dash
2023-07-27 16:00:55,768 - INFO - r, theta received: [0.0], [166]
2023-07-27 16:00:55,769 - INFO - random and real data received
2023-07-27 16:00:55,773 - INFO - Barpolar plot created
2023-07-27 16:00:55,799 - INFO - figure returned
2023-07-27 16:00:55,803 - INFO - df_random created
2023-07-27 16:00:55,803 - INFO - random values received: [15.1], [64.0]
2023-07-27 16:00:55,803 - INFO - random and real data received
2023-07-27 16:00:55,809 - INFO - Barpolar plot created
2023-07-27 16:00:55,833 - INFO - figure returned
2023-07-27 16:00:55,839 - INFO - df_random created
2023-07-27 16:00:55,840 - INFO - random values received: [3.8], [339.0]
2023-07-27 16:00:55,840 - INFO - random and real data received
2023-07-27 16:00:55,844 - INFO - Barpolar plot created
2023-07-27 16:00:55,874 - INFO - figure returned
2023-07-27 16:00:55,876 - INFO - df_random created
2023-07-27 16:00:55,877 - INFO - random values received: [14.7], [339.0]
2023-07-27 16:00:55,877 - INFO - random and real data received
2023-07-27 16:00:55,881 - INFO - Barpolar plot created
2023-07-27 16:00:55,905 - INFO - figure returned
2023-07-27 16:00:55,907 - INFO - update_polar_plots
2023-07-27 16:00:55,921 - INFO - 127.0.0.1 - - [27/Jul/2023 16:00:55] "POST /_dash-update-component HTTP/1.1" 200 -
2023-07-31 12:04:51,843 - INFO - logger initialized
2023-07-31 12:04:51,844 - INFO - Wind_Rose_logger inicialized
2023-07-31 12:05:13,171 - INFO - logger initialized
2023-07-31 12:05:13,171 - INFO - Wind_Rose_logger inicialized
2023-07-31 12:05:13,171 - INFO - Alarm_Class inicialized
2023-07-31 12:05:13,181 - INFO - app created
2023-07-31 12:05:13,182 - INFO - layout created
2023-07-31 12:05:13,541 - INFO - Dash is running on http://127.0.0.1:8025/

2023-07-31 12:05:13,569 - INFO - [31m[1mWARNING: This is a development server. Do not use it in a production deployment. Use a production WSGI server instead.[0m
 * Running on http://127.0.0.1:8025
2023-07-31 12:05:13,569 - INFO - [33mPress CTRL+C to quit[0m
2023-07-31 12:05:14,034 - INFO - 127.0.0.1 - - [31/Jul/2023 12:05:14] "GET / HTTP/1.1" 200 -
2023-07-31 12:05:14,294 - INFO - 127.0.0.1 - - [31/Jul/2023 12:05:14] "GET /_dash-layout HTTP/1.1" 200 -
2023-07-31 12:05:14,328 - INFO - 127.0.0.1 - - [31/Jul/2023 12:05:14] "GET /_dash-dependencies HTTP/1.1" 200 -
2023-07-31 12:05:14,740 - INFO - message has sent
2023-07-31 12:05:14,800 - INFO - 127.0.0.1 - - [31/Jul/2023 12:05:14] "[36mGET /_dash-component-suites/dash/dcc/async-graph.js HTTP/1.1[0m" 304 -
2023-07-31 12:05:14,960 - INFO - get batch b'\x01\x03\x0e\x00\x02\x00\x00\x00\x00\x00\x00\x00\x00\x00\xad\x00\xa9\xb6\xf8', length: 19
2023-07-31 12:05:14,960 - INFO - buffer: b'\x01\x03\x0e\x00\x02\x00\x00\x00\x00\x00\x00\x00\x00\x00\xad\x00\xa9\xb6\xf8', length: 19
2023-07-31 12:05:14,960 - INFO - we in  b'\x01\x03\x0e\x00\x02\x00\x00\x00\x00\x00\x00\x00\x00\x00\xad\x00\xa9\xb6\xf8'
2023-07-31 12:05:14,960 - INFO - buffer is ready  b'', length: 0
2023-07-31 12:05:14,960 - INFO - data is unpacked
2023-07-31 12:05:14,963 - INFO - file created
2023-07-31 12:05:14,969 - INFO - df returned to Dash
2023-07-31 12:05:14,970 - INFO - r, theta received: [0.0], [173]
2023-07-31 12:05:14,970 - INFO - random and real data received
2023-07-31 12:05:15,100 - INFO - Barpolar plot created
2023-07-31 12:05:15,205 - INFO - figure returned
2023-07-31 12:05:15,260 - INFO - 127.0.0.1 - - [31/Jul/2023 12:05:15] "[36mGET /_dash-component-suites/dash/dcc/async-plotlyjs.js HTTP/1.1[0m" 304 -
2023-07-31 12:05:15,265 - INFO - df_random created
2023-07-31 12:05:15,265 - INFO - random values received: [18.2], [186.0]
2023-07-31 12:05:15,265 - INFO - random and real data received
2023-07-31 12:05:15,269 - INFO - Barpolar plot created
2023-07-31 12:05:15,287 - INFO - figure returned
2023-07-31 12:05:15,289 - INFO - df_random created
2023-07-31 12:05:15,289 - INFO - random values received: [7.1], [9.0]
2023-07-31 12:05:15,289 - INFO - random and real data received
2023-07-31 12:05:15,293 - INFO - Barpolar plot created
2023-07-31 12:05:15,311 - INFO - figure returned
2023-07-31 12:05:15,314 - INFO - df_random created
2023-07-31 12:05:15,315 - INFO - random values received: [11.2], [204.0]
2023-07-31 12:05:15,315 - INFO - random and real data received
2023-07-31 12:05:15,318 - INFO - Barpolar plot created
2023-07-31 12:05:15,334 - INFO - figure returned
2023-07-31 12:05:15,335 - INFO - update_polar_plots
2023-07-31 12:05:15,343 - INFO - 127.0.0.1 - - [31/Jul/2023 12:05:15] "POST /_dash-update-component HTTP/1.1" 200 -
2023-07-31 12:05:15,455 - INFO - message has sent
2023-07-31 12:05:15,535 - INFO - get batch b'\x01\x03\x0e\x00\x02\x00\x00\x00\x00\x00\x00\x00\x00\x00\xad\x00\xa9\xb6\xf8', length: 19
2023-07-31 12:05:15,535 - INFO - buffer: b'\x01\x03\x0e\x00\x02\x00\x00\x00\x00\x00\x00\x00\x00\x00\xad\x00\xa9\xb6\xf8', length: 19
2023-07-31 12:05:15,536 - INFO - we in  b'\x01\x03\x0e\x00\x02\x00\x00\x00\x00\x00\x00\x00\x00\x00\xad\x00\xa9\xb6\xf8'
2023-07-31 12:05:15,536 - INFO - buffer is ready  b'', length: 0
2023-07-31 12:05:15,536 - INFO - data is unpacked
2023-07-31 12:05:15,537 - INFO - string written to file
2023-07-31 12:05:15,539 - INFO - df returned to Dash
2023-07-31 12:05:15,539 - INFO - r, theta received: [0.0], [173]
2023-07-31 12:05:15,539 - INFO - random and real data received
2023-07-31 12:05:15,543 - INFO - Barpolar plot created
2023-07-31 12:05:15,561 - INFO - figure returned
2023-07-31 12:05:15,564 - INFO - df_random created
2023-07-31 12:05:15,564 - INFO - random values received: [13.1], [87.0]
2023-07-31 12:05:15,564 - INFO - random and real data received
2023-07-31 12:05:15,568 - INFO - Barpolar plot created
2023-07-31 12:05:15,586 - INFO - figure returned
2023-07-31 12:05:15,587 - INFO - df_random created
2023-07-31 12:05:15,588 - INFO - random values received: [5.3], [68.0]
2023-07-31 12:05:15,588 - INFO - random and real data received
2023-07-31 12:05:15,591 - INFO - Barpolar plot created
2023-07-31 12:05:15,611 - INFO - figure returned
2023-07-31 12:05:15,614 - INFO - df_random created
2023-07-31 12:05:15,614 - INFO - random values received: [16.2], [68.0]
2023-07-31 12:05:15,614 - INFO - random and real data received
2023-07-31 12:05:15,619 - INFO - Barpolar plot created
2023-07-31 12:05:15,640 - INFO - figure returned
2023-07-31 12:05:15,643 - INFO - update_polar_plots
2023-07-31 12:05:15,652 - INFO - 127.0.0.1 - - [31/Jul/2023 12:05:15] "POST /_dash-update-component HTTP/1.1" 200 -
2023-07-31 12:05:16,774 - INFO - message has sent
2023-07-31 12:05:16,817 - INFO - get batch b'\x01\x03\x0e\x00\x02\x00\x00\x00\x00\x00\x00\x00\x00\x00\xad\x00\xa9\xb6\xf8', length: 19
2023-07-31 12:05:16,817 - INFO - buffer: b'\x01\x03\x0e\x00\x02\x00\x00\x00\x00\x00\x00\x00\x00\x00\xad\x00\xa9\xb6\xf8', length: 19
2023-07-31 12:05:16,817 - INFO - we in  b'\x01\x03\x0e\x00\x02\x00\x00\x00\x00\x00\x00\x00\x00\x00\xad\x00\xa9\xb6\xf8'
2023-07-31 12:05:16,817 - INFO - buffer is ready  b'', length: 0
2023-07-31 12:05:16,817 - INFO - data is unpacked
2023-07-31 12:05:16,818 - INFO - string written to file
2023-07-31 12:05:16,820 - INFO - df returned to Dash
2023-07-31 12:05:16,820 - INFO - r, theta received: [0.0], [173]
2023-07-31 12:05:16,821 - INFO - random and real data received
2023-07-31 12:05:16,860 - INFO - Barpolar plot created
2023-07-31 12:05:16,876 - INFO - figure returned
2023-07-31 12:05:16,877 - INFO - df_random created
2023-07-31 12:05:16,877 - INFO - random values received: [10.1], [245.0]
2023-07-31 12:05:16,877 - INFO - random and real data received
2023-07-31 12:05:16,881 - INFO - Barpolar plot created
2023-07-31 12:05:16,900 - INFO - figure returned
2023-07-31 12:05:16,902 - INFO - df_random created
2023-07-31 12:05:16,902 - INFO - random values received: [19.0], [47.0]
2023-07-31 12:05:16,903 - INFO - random and real data received
2023-07-31 12:05:16,906 - INFO - Barpolar plot created
2023-07-31 12:05:16,921 - INFO - figure returned
2023-07-31 12:05:16,922 - INFO - df_random created
2023-07-31 12:05:16,923 - INFO - random values received: [19.2], [50.0]
2023-07-31 12:05:16,923 - INFO - random and real data received
2023-07-31 12:05:16,926 - INFO - Barpolar plot created
2023-07-31 12:05:16,940 - INFO - figure returned
2023-07-31 12:05:16,941 - INFO - update_polar_plots
2023-07-31 12:05:16,947 - INFO - 127.0.0.1 - - [31/Jul/2023 12:05:16] "POST /_dash-update-component HTTP/1.1" 200 -
2023-07-31 12:05:17,451 - INFO - message has sent
2023-07-31 12:05:17,696 - INFO - get batch b'\x01\x03\x0e\x00\x02\x00\x00\x00\x00\x00\x00\x00\x00\x00\xad\x00\xa9\xb6\xf8', length: 19
2023-07-31 12:05:17,696 - INFO - buffer: b'\x01\x03\x0e\x00\x02\x00\x00\x00\x00\x00\x00\x00\x00\x00\xad\x00\xa9\xb6\xf8', length: 19
2023-07-31 12:05:17,696 - INFO - we in  b'\x01\x03\x0e\x00\x02\x00\x00\x00\x00\x00\x00\x00\x00\x00\xad\x00\xa9\xb6\xf8'
2023-07-31 12:05:17,696 - INFO - buffer is ready  b'', length: 0
2023-07-31 12:05:17,696 - INFO - data is unpacked
2023-07-31 12:05:17,697 - INFO - string written to file
2023-07-31 12:05:17,699 - INFO - df returned to Dash
2023-07-31 12:05:17,699 - INFO - r, theta received: [0.0], [173]
2023-07-31 12:05:17,699 - INFO - random and real data received
2023-07-31 12:05:17,702 - INFO - Barpolar plot created
2023-07-31 12:05:17,718 - INFO - figure returned
2023-07-31 12:05:17,720 - INFO - df_random created
2023-07-31 12:05:17,720 - INFO - random values received: [10.6], [319.0]
2023-07-31 12:05:17,720 - INFO - random and real data received
2023-07-31 12:05:17,723 - INFO - Barpolar plot created
2023-07-31 12:05:17,739 - INFO - figure returned
2023-07-31 12:05:17,741 - INFO - df_random created
2023-07-31 12:05:17,742 - INFO - random values received: [16.8], [96.0]
2023-07-31 12:05:17,742 - INFO - random and real data received
2023-07-31 12:05:17,746 - INFO - Barpolar plot created
2023-07-31 12:05:17,765 - INFO - figure returned
2023-07-31 12:05:17,767 - INFO - df_random created
2023-07-31 12:05:17,767 - INFO - random values received: [17.0], [117.0]
2023-07-31 12:05:17,767 - INFO - random and real data received
2023-07-31 12:05:17,770 - INFO - Barpolar plot created
2023-07-31 12:05:17,786 - INFO - figure returned
2023-07-31 12:05:17,787 - INFO - update_polar_plots
2023-07-31 12:05:17,792 - INFO - 127.0.0.1 - - [31/Jul/2023 12:05:17] "POST /_dash-update-component HTTP/1.1" 200 -
2023-07-31 12:05:18,760 - INFO - message has sent
2023-07-31 12:05:18,925 - INFO - get batch b'\x01\x03\x0e\x00\x02\x00\x00\x00\x00\x00\x00\x00\x00\x00\xad\x00\xa9\xb6\xf8', length: 19
2023-07-31 12:05:18,926 - INFO - buffer: b'\x01\x03\x0e\x00\x02\x00\x00\x00\x00\x00\x00\x00\x00\x00\xad\x00\xa9\xb6\xf8', length: 19
2023-07-31 12:05:18,926 - INFO - we in  b'\x01\x03\x0e\x00\x02\x00\x00\x00\x00\x00\x00\x00\x00\x00\xad\x00\xa9\xb6\xf8'
2023-07-31 12:05:18,926 - INFO - buffer is ready  b'', length: 0
2023-07-31 12:05:18,926 - INFO - data is unpacked
2023-07-31 12:05:18,927 - INFO - string written to file
2023-07-31 12:05:18,929 - INFO - df returned to Dash
2023-07-31 12:05:18,929 - INFO - r, theta received: [0.0], [173]
2023-07-31 12:05:18,929 - INFO - random and real data received
2023-07-31 12:05:18,934 - INFO - Barpolar plot created
2023-07-31 12:05:18,949 - INFO - figure returned
2023-07-31 12:05:18,951 - INFO - df_random created
2023-07-31 12:05:18,951 - INFO - random values received: [14.4], [43.0]
2023-07-31 12:05:18,951 - INFO - random and real data received
2023-07-31 12:05:18,954 - INFO - Barpolar plot created
2023-07-31 12:05:18,969 - INFO - figure returned
2023-07-31 12:05:18,971 - INFO - df_random created
2023-07-31 12:05:18,971 - INFO - random values received: [1.0], [318.0]
2023-07-31 12:05:18,971 - INFO - random and real data received
2023-07-31 12:05:18,974 - INFO - Barpolar plot created
2023-07-31 12:05:18,989 - INFO - figure returned
2023-07-31 12:05:18,991 - INFO - df_random created
2023-07-31 12:05:18,991 - INFO - random values received: [5.9], [203.0]
2023-07-31 12:05:18,991 - INFO - random and real data received
2023-07-31 12:05:18,994 - INFO - Barpolar plot created
2023-07-31 12:05:19,011 - INFO - figure returned
2023-07-31 12:05:19,013 - INFO - update_polar_plots
2023-07-31 12:05:19,020 - INFO - 127.0.0.1 - - [31/Jul/2023 12:05:19] "POST /_dash-update-component HTTP/1.1" 200 -
2023-07-31 12:05:19,442 - INFO - message has sent
2023-07-31 12:05:19,561 - INFO - get batch b'\x01\x03\x0e\x00\x02\x00\x00\x00\x00\x00\x00\x00\x00\x00\xad\x00\xa9\xb6\xf8', length: 19
2023-07-31 12:05:19,561 - INFO - buffer: b'\x01\x03\x0e\x00\x02\x00\x00\x00\x00\x00\x00\x00\x00\x00\xad\x00\xa9\xb6\xf8', length: 19
2023-07-31 12:05:19,561 - INFO - we in  b'\x01\x03\x0e\x00\x02\x00\x00\x00\x00\x00\x00\x00\x00\x00\xad\x00\xa9\xb6\xf8'
2023-07-31 12:05:19,561 - INFO - buffer is ready  b'', length: 0
2023-07-31 12:05:19,561 - INFO - data is unpacked
2023-07-31 12:05:19,562 - INFO - string written to file
2023-07-31 12:05:19,564 - INFO - df returned to Dash
2023-07-31 12:05:19,565 - INFO - r, theta received: [0.0], [173]
2023-07-31 12:05:19,565 - INFO - random and real data received
2023-07-31 12:05:19,570 - INFO - Barpolar plot created
2023-07-31 12:05:19,586 - INFO - figure returned
2023-07-31 12:05:19,588 - INFO - df_random created
2023-07-31 12:05:19,589 - INFO - random values received: [5.8], [193.0]
2023-07-31 12:05:19,589 - INFO - random and real data received
2023-07-31 12:05:19,591 - INFO - Barpolar plot created
2023-07-31 12:05:19,608 - INFO - figure returned
2023-07-31 12:05:19,610 - INFO - df_random created
2023-07-31 12:05:19,610 - INFO - random values received: [9.9], [125.0]
2023-07-31 12:05:19,610 - INFO - random and real data received
2023-07-31 12:05:19,614 - INFO - Barpolar plot created
2023-07-31 12:05:19,630 - INFO - figure returned
2023-07-31 12:05:19,634 - INFO - df_random created
2023-07-31 12:05:19,634 - INFO - random values received: [19.8], [318.0]
2023-07-31 12:05:19,634 - INFO - random and real data received
2023-07-31 12:05:19,637 - INFO - Barpolar plot created
2023-07-31 12:05:19,653 - INFO - figure returned
2023-07-31 12:05:19,654 - INFO - update_polar_plots
2023-07-31 12:05:19,660 - INFO - 127.0.0.1 - - [31/Jul/2023 12:05:19] "POST /_dash-update-component HTTP/1.1" 200 -
2023-07-31 12:05:20,769 - INFO - message has sent
2023-07-31 12:05:21,119 - INFO - get batch b'\x01\x03\x0e\x00\x02\x00\x00\x00\x00\x00\x00\x00\x00\x00\xad\x00\xaa\xb6\xf8', length: 19
2023-07-31 12:05:21,119 - INFO - buffer: b'\x01\x03\x0e\x00\x02\x00\x00\x00\x00\x00\x00\x00\x00\x00\xad\x00\xaa\xb6\xf8', length: 19
2023-07-31 12:05:21,119 - INFO - we in  b'\x01\x03\x0e\x00\x02\x00\x00\x00\x00\x00\x00\x00\x00\x00\xad\x00\xaa\xb6\xf8'
2023-07-31 12:05:21,119 - INFO - buffer is ready  b'', length: 0
2023-07-31 12:05:21,119 - INFO - data is unpacked
2023-07-31 12:05:21,120 - INFO - string written to file
2023-07-31 12:05:21,122 - INFO - df returned to Dash
2023-07-31 12:05:21,122 - INFO - r, theta received: [0.0], [173]
2023-07-31 12:05:21,122 - INFO - random and real data received
2023-07-31 12:05:21,126 - INFO - Barpolar plot created
2023-07-31 12:05:21,146 - INFO - figure returned
2023-07-31 12:05:21,148 - INFO - df_random created
2023-07-31 12:05:21,148 - INFO - random values received: [2.0], [19.0]
2023-07-31 12:05:21,148 - INFO - random and real data received
2023-07-31 12:05:21,152 - INFO - Barpolar plot created
2023-07-31 12:05:21,167 - INFO - figure returned
2023-07-31 12:05:21,169 - INFO - df_random created
2023-07-31 12:05:21,170 - INFO - random values received: [6.0], [272.0]
2023-07-31 12:05:21,170 - INFO - random and real data received
2023-07-31 12:05:21,173 - INFO - Barpolar plot created
2023-07-31 12:05:21,189 - INFO - figure returned
2023-07-31 12:05:21,191 - INFO - df_random created
2023-07-31 12:05:21,192 - INFO - random values received: [15.4], [143.0]
2023-07-31 12:05:21,192 - INFO - random and real data received
2023-07-31 12:05:21,196 - INFO - Barpolar plot created
2023-07-31 12:05:21,212 - INFO - figure returned
2023-07-31 12:05:21,213 - INFO - update_polar_plots
2023-07-31 12:05:21,219 - INFO - 127.0.0.1 - - [31/Jul/2023 12:05:21] "POST /_dash-update-component HTTP/1.1" 200 -
2023-07-31 12:05:21,443 - INFO - message has sent
2023-07-31 12:05:21,819 - INFO - get batch b'\x01\x03\x0e\x00\x02\x00\x00\x00\x00\x00\x00\x00\x00\x00\xad\x00\xaa\xb6\xf8', length: 19
2023-07-31 12:05:21,819 - INFO - buffer: b'\x01\x03\x0e\x00\x02\x00\x00\x00\x00\x00\x00\x00\x00\x00\xad\x00\xaa\xb6\xf8', length: 19
2023-07-31 12:05:21,819 - INFO - we in  b'\x01\x03\x0e\x00\x02\x00\x00\x00\x00\x00\x00\x00\x00\x00\xad\x00\xaa\xb6\xf8'
2023-07-31 12:05:21,819 - INFO - buffer is ready  b'', length: 0
2023-07-31 12:05:21,819 - INFO - data is unpacked
2023-07-31 12:05:21,820 - INFO - string written to file
2023-07-31 12:05:21,822 - INFO - df returned to Dash
2023-07-31 12:05:21,822 - INFO - r, theta received: [0.0], [173]
2023-07-31 12:05:21,822 - INFO - random and real data received
2023-07-31 12:05:21,825 - INFO - Barpolar plot created
2023-07-31 12:05:21,843 - INFO - figure returned
2023-07-31 12:05:21,844 - INFO - df_random created
2023-07-31 12:05:21,844 - INFO - random values received: [17.3], [207.0]
2023-07-31 12:05:21,844 - INFO - random and real data received
2023-07-31 12:05:21,850 - INFO - Barpolar plot created
2023-07-31 12:05:21,867 - INFO - figure returned
2023-07-31 12:05:21,868 - INFO - df_random created
2023-07-31 12:05:21,869 - INFO - random values received: [15.5], [105.0]
2023-07-31 12:05:21,869 - INFO - random and real data received
2023-07-31 12:05:21,872 - INFO - Barpolar plot created
2023-07-31 12:05:21,887 - INFO - figure returned
2023-07-31 12:05:21,889 - INFO - df_random created
2023-07-31 12:05:21,889 - INFO - random values received: [15.0], [33.0]
2023-07-31 12:05:21,889 - INFO - random and real data received
2023-07-31 12:05:21,892 - INFO - Barpolar plot created
2023-07-31 12:05:21,907 - INFO - figure returned
2023-07-31 12:05:21,909 - INFO - update_polar_plots
2023-07-31 12:05:21,917 - INFO - 127.0.0.1 - - [31/Jul/2023 12:05:21] "POST /_dash-update-component HTTP/1.1" 200 -
2023-07-31 12:05:22,752 - INFO - message has sent
2023-07-31 12:05:22,793 - INFO - get batch b'\x01\x03\x0e\x00\x02\x00\x00\x00\x00\x00\x00\x00\x00\x00\xad\x00\xaa\xb6\xf8', length: 19
2023-07-31 12:05:22,793 - INFO - buffer: b'\x01\x03\x0e\x00\x02\x00\x00\x00\x00\x00\x00\x00\x00\x00\xad\x00\xaa\xb6\xf8', length: 19
2023-07-31 12:05:22,793 - INFO - we in  b'\x01\x03\x0e\x00\x02\x00\x00\x00\x00\x00\x00\x00\x00\x00\xad\x00\xaa\xb6\xf8'
2023-07-31 12:05:22,793 - INFO - buffer is ready  b'', length: 0
2023-07-31 12:05:22,793 - INFO - data is unpacked
2023-07-31 12:05:22,794 - INFO - string written to file
2023-07-31 12:05:22,796 - INFO - df returned to Dash
2023-07-31 12:05:22,796 - INFO - r, theta received: [0.0], [173]
2023-07-31 12:05:22,797 - INFO - random and real data received
2023-07-31 12:05:22,800 - INFO - Barpolar plot created
2023-07-31 12:05:22,817 - INFO - figure returned
2023-07-31 12:05:22,818 - INFO - df_random created
2023-07-31 12:05:22,818 - INFO - random values received: [14.5], [162.0]
2023-07-31 12:05:22,818 - INFO - random and real data received
2023-07-31 12:05:22,821 - INFO - Barpolar plot created
2023-07-31 12:05:22,837 - INFO - figure returned
2023-07-31 12:05:22,838 - INFO - df_random created
2023-07-31 12:05:22,838 - INFO - random values received: [1.1], [296.0]
2023-07-31 12:05:22,838 - INFO - random and real data received
2023-07-31 12:05:22,841 - INFO - Barpolar plot created
2023-07-31 12:05:22,856 - INFO - figure returned
2023-07-31 12:05:22,857 - INFO - df_random created
2023-07-31 12:05:22,858 - INFO - random values received: [6.0], [294.0]
2023-07-31 12:05:22,858 - INFO - random and real data received
2023-07-31 12:05:22,861 - INFO - Barpolar plot created
2023-07-31 12:05:22,875 - INFO - figure returned
2023-07-31 12:05:22,876 - INFO - update_polar_plots
2023-07-31 12:05:22,882 - INFO - 127.0.0.1 - - [31/Jul/2023 12:05:22] "POST /_dash-update-component HTTP/1.1" 200 -
2023-07-31 12:05:23,460 - INFO - message has sent
2023-07-31 12:05:23,500 - INFO - get batch b'\x01\x03\x0e\x00\x02\x00\x00\x00\x00\x00\x00\x00\x00\x00\xad\x00\xaa\xb6\xf8', length: 19
2023-07-31 12:05:23,500 - INFO - buffer: b'\x01\x03\x0e\x00\x02\x00\x00\x00\x00\x00\x00\x00\x00\x00\xad\x00\xaa\xb6\xf8', length: 19
2023-07-31 12:05:23,500 - INFO - we in  b'\x01\x03\x0e\x00\x02\x00\x00\x00\x00\x00\x00\x00\x00\x00\xad\x00\xaa\xb6\xf8'
2023-07-31 12:05:23,500 - INFO - buffer is ready  b'', length: 0
2023-07-31 12:05:23,500 - INFO - data is unpacked
2023-07-31 12:05:23,501 - INFO - string written to file
2023-07-31 12:05:23,503 - INFO - df returned to Dash
2023-07-31 12:05:23,503 - INFO - r, theta received: [0.0], [173]
2023-07-31 12:05:23,503 - INFO - random and real data received
2023-07-31 12:05:23,506 - INFO - Barpolar plot created
2023-07-31 12:05:23,522 - INFO - figure returned
2023-07-31 12:05:23,523 - INFO - df_random created
2023-07-31 12:05:23,524 - INFO - random values received: [16.8], [347.0]
2023-07-31 12:05:23,524 - INFO - random and real data received
2023-07-31 12:05:23,527 - INFO - Barpolar plot created
2023-07-31 12:05:23,541 - INFO - figure returned
2023-07-31 12:05:23,543 - INFO - df_random created
2023-07-31 12:05:23,543 - INFO - random values received: [19.6], [116.0]
2023-07-31 12:05:23,543 - INFO - random and real data received
2023-07-31 12:05:23,547 - INFO - Barpolar plot created
2023-07-31 12:05:23,561 - INFO - figure returned
2023-07-31 12:05:23,563 - INFO - df_random created
2023-07-31 12:05:23,563 - INFO - random values received: [16.2], [254.0]
2023-07-31 12:05:23,563 - INFO - random and real data received
2023-07-31 12:05:23,566 - INFO - Barpolar plot created
2023-07-31 12:05:23,581 - INFO - figure returned
2023-07-31 12:05:23,582 - INFO - update_polar_plots
2023-07-31 12:05:23,589 - INFO - 127.0.0.1 - - [31/Jul/2023 12:05:23] "POST /_dash-update-component HTTP/1.1" 200 -
2023-07-31 12:05:24,753 - INFO - message has sent
2023-07-31 12:05:24,793 - INFO - get batch b'\x01\x03\x0e\x00\x02\x00\n\x00\n\x00\x00\x00\x00\x00\xac\x00\xaa\x177', length: 19
2023-07-31 12:05:24,793 - INFO - buffer: b'\x01\x03\x0e\x00\x02\x00\n\x00\n\x00\x00\x00\x00\x00\xac\x00\xaa\x177', length: 19
2023-07-31 12:05:24,793 - INFO - we in  b'\x01\x03\x0e\x00\x02\x00\n\x00\n\x00\x00\x00\x00\x00\xac\x00\xaa\x177'
2023-07-31 12:05:24,793 - INFO - buffer is ready  b'', length: 0
2023-07-31 12:05:24,793 - INFO - data is unpacked
2023-07-31 12:05:24,794 - INFO - string written to file
2023-07-31 12:05:24,796 - INFO - df returned to Dash
2023-07-31 12:05:24,796 - INFO - r, theta received: [1.0], [172]
2023-07-31 12:05:24,796 - INFO - random and real data received
2023-07-31 12:05:24,800 - INFO - Barpolar plot created
2023-07-31 12:05:24,815 - INFO - figure returned
2023-07-31 12:05:24,817 - INFO - df_random created
2023-07-31 12:05:24,817 - INFO - random values received: [4.1], [53.0]
2023-07-31 12:05:24,817 - INFO - random and real data received
2023-07-31 12:05:24,821 - INFO - Barpolar plot created
2023-07-31 12:05:24,836 - INFO - figure returned
2023-07-31 12:05:24,837 - INFO - df_random created
2023-07-31 12:05:24,838 - INFO - random values received: [10.5], [160.0]
2023-07-31 12:05:24,838 - INFO - random and real data received
2023-07-31 12:05:24,841 - INFO - Barpolar plot created
2023-07-31 12:05:24,855 - INFO - figure returned
2023-07-31 12:05:24,857 - INFO - df_random created
2023-07-31 12:05:24,857 - INFO - random values received: [19.9], [218.0]
2023-07-31 12:05:24,857 - INFO - random and real data received
2023-07-31 12:05:24,860 - INFO - Barpolar plot created
2023-07-31 12:05:24,875 - INFO - figure returned
2023-07-31 12:05:24,876 - INFO - update_polar_plots
2023-07-31 12:05:24,883 - INFO - 127.0.0.1 - - [31/Jul/2023 12:05:24] "POST /_dash-update-component HTTP/1.1" 200 -
2023-07-31 12:05:25,445 - INFO - message has sent
2023-07-31 12:05:25,485 - INFO - get batch b'\x01\x03\x0e\x00\x02\x00\x14\x00\x14\x00\x00\x00\x00\x00\xac\x00\xaa\xf7\xd7', length: 19
2023-07-31 12:05:25,486 - INFO - buffer: b'\x01\x03\x0e\x00\x02\x00\x14\x00\x14\x00\x00\x00\x00\x00\xac\x00\xaa\xf7\xd7', length: 19
2023-07-31 12:05:25,486 - INFO - we in  b'\x01\x03\x0e\x00\x02\x00\x14\x00\x14\x00\x00\x00\x00\x00\xac\x00\xaa\xf7\xd7'
2023-07-31 12:05:25,486 - INFO - buffer is ready  b'', length: 0
2023-07-31 12:05:25,486 - INFO - data is unpacked
2023-07-31 12:05:25,487 - INFO - string written to file
2023-07-31 12:05:25,489 - INFO - df returned to Dash
2023-07-31 12:05:25,489 - INFO - r, theta received: [2.0], [172]
2023-07-31 12:05:25,489 - INFO - random and real data received
2023-07-31 12:05:25,493 - INFO - Barpolar plot created
2023-07-31 12:05:25,509 - INFO - figure returned
2023-07-31 12:05:25,511 - INFO - df_random created
2023-07-31 12:05:25,511 - INFO - random values received: [1.9], [313.0]
2023-07-31 12:05:25,511 - INFO - random and real data received
2023-07-31 12:05:25,515 - INFO - Barpolar plot created
2023-07-31 12:05:25,530 - INFO - figure returned
2023-07-31 12:05:25,531 - INFO - df_random created
2023-07-31 12:05:25,532 - INFO - random values received: [7.7], [327.0]
2023-07-31 12:05:25,532 - INFO - random and real data received
2023-07-31 12:05:25,535 - INFO - Barpolar plot created
2023-07-31 12:05:25,550 - INFO - figure returned
2023-07-31 12:05:25,551 - INFO - df_random created
2023-07-31 12:05:25,551 - INFO - random values received: [8.7], [205.0]
2023-07-31 12:05:25,552 - INFO - random and real data received
2023-07-31 12:05:25,555 - INFO - Barpolar plot created
2023-07-31 12:05:25,570 - INFO - figure returned
2023-07-31 12:05:25,571 - INFO - update_polar_plots
2023-07-31 12:05:25,576 - INFO - 127.0.0.1 - - [31/Jul/2023 12:05:25] "POST /_dash-update-component HTTP/1.1" 200 -
2023-07-31 12:05:26,766 - INFO - message has sent
2023-07-31 12:05:26,807 - INFO - get batch b'\x01\x03\x0e\x00\x02\x00\x1e\x00\x1e\x00\x00\x00\x01\x00\xac\x00\xaaVt', length: 19
2023-07-31 12:05:26,807 - INFO - buffer: b'\x01\x03\x0e\x00\x02\x00\x1e\x00\x1e\x00\x00\x00\x01\x00\xac\x00\xaaVt', length: 19
2023-07-31 12:05:26,807 - INFO - we in  b'\x01\x03\x0e\x00\x02\x00\x1e\x00\x1e\x00\x00\x00\x01\x00\xac\x00\xaaVt'
2023-07-31 12:05:26,807 - INFO - buffer is ready  b'', length: 0
2023-07-31 12:05:26,807 - INFO - data is unpacked
2023-07-31 12:05:26,808 - INFO - string written to file
2023-07-31 12:05:26,810 - INFO - df returned to Dash
2023-07-31 12:05:26,811 - INFO - r, theta received: [3.0], [172]
2023-07-31 12:05:26,811 - INFO - random and real data received
2023-07-31 12:05:26,817 - INFO - Barpolar plot created
2023-07-31 12:05:26,834 - INFO - figure returned
2023-07-31 12:05:26,835 - INFO - df_random created
2023-07-31 12:05:26,835 - INFO - random values received: [18.4], [349.0]
2023-07-31 12:05:26,835 - INFO - random and real data received
2023-07-31 12:05:26,838 - INFO - Barpolar plot created
2023-07-31 12:05:26,854 - INFO - figure returned
2023-07-31 12:05:26,856 - INFO - df_random created
2023-07-31 12:05:26,856 - INFO - random values received: [7.4], [209.0]
2023-07-31 12:05:26,856 - INFO - random and real data received
2023-07-31 12:05:26,860 - INFO - Barpolar plot created
2023-07-31 12:05:26,875 - INFO - figure returned
2023-07-31 12:05:26,877 - INFO - df_random created
2023-07-31 12:05:26,877 - INFO - random values received: [15.5], [221.0]
2023-07-31 12:05:26,877 - INFO - random and real data received
2023-07-31 12:05:26,882 - INFO - Barpolar plot created
2023-07-31 12:05:26,897 - INFO - figure returned
2023-07-31 12:05:26,898 - INFO - update_polar_plots
2023-07-31 12:05:26,904 - INFO - 127.0.0.1 - - [31/Jul/2023 12:05:26] "POST /_dash-update-component HTTP/1.1" 200 -
2023-07-31 12:05:27,455 - INFO - message has sent
2023-07-31 12:05:27,496 - INFO - get batch b'\x01\x03\x0e\x00\x02\x00\x19\x00\x1e\x00\x00\x00\x01\x00\xac\x00\xaa\xe7\xae', length: 19
2023-07-31 12:05:27,496 - INFO - buffer: b'\x01\x03\x0e\x00\x02\x00\x19\x00\x1e\x00\x00\x00\x01\x00\xac\x00\xaa\xe7\xae', length: 19
2023-07-31 12:05:27,496 - INFO - we in  b'\x01\x03\x0e\x00\x02\x00\x19\x00\x1e\x00\x00\x00\x01\x00\xac\x00\xaa\xe7\xae'
2023-07-31 12:05:27,496 - INFO - buffer is ready  b'', length: 0
2023-07-31 12:05:27,496 - INFO - data is unpacked
2023-07-31 12:05:27,497 - INFO - string written to file
2023-07-31 12:05:27,499 - INFO - df returned to Dash
2023-07-31 12:05:27,499 - INFO - r, theta received: [2.5], [172]
2023-07-31 12:05:27,500 - INFO - random and real data received
2023-07-31 12:05:27,503 - INFO - Barpolar plot created
2023-07-31 12:05:27,520 - INFO - figure returned
2023-07-31 12:05:27,522 - INFO - df_random created
2023-07-31 12:05:27,522 - INFO - random values received: [8.3], [256.0]
2023-07-31 12:05:27,522 - INFO - random and real data received
2023-07-31 12:05:27,525 - INFO - Barpolar plot created
2023-07-31 12:05:27,542 - INFO - figure returned
2023-07-31 12:05:27,543 - INFO - df_random created
2023-07-31 12:05:27,544 - INFO - random values received: [19.7], [60.0]
2023-07-31 12:05:27,544 - INFO - random and real data received
2023-07-31 12:05:27,550 - INFO - Barpolar plot created
2023-07-31 12:05:27,567 - INFO - figure returned
2023-07-31 12:05:27,568 - INFO - df_random created
2023-07-31 12:05:27,568 - INFO - random values received: [9.5], [0.0]
2023-07-31 12:05:27,568 - INFO - random and real data received
2023-07-31 12:05:27,572 - INFO - Barpolar plot created
2023-07-31 12:05:27,591 - INFO - figure returned
2023-07-31 12:05:27,593 - INFO - update_polar_plots
2023-07-31 12:05:27,604 - INFO - 127.0.0.1 - - [31/Jul/2023 12:05:27] "POST /_dash-update-component HTTP/1.1" 200 -
